<?xml version="1.0" encoding="UTF-8"?>
<testsuite xmlns:xsi="http://www.w3.org/2001/XMLSchema-instance" xsi:noNamespaceSchemaLocation="https://maven.apache.org/surefire/maven-surefire-plugin/xsd/surefire-test-report.xsd" version="3.0.2" name="com.example.softlearning.applicationcore.entity.sharedkernel.domainservices.validations.CheckTest" time="0.341" tests="116" errors="0" skipped="0" failures="0">
  <properties>
[...]
</properties>
  <testcase name="testGetErrorMessageLatePayment" classname="com.example.softlearning.applicationcore.entity.sharedkernel.domainservices.validations.CheckTest" time="0.056"/>
  <testcase name="testCheckLengthEmptyString" classname="com.example.softlearning.applicationcore.entity.sharedkernel.domainservices.validations.CheckTest" time="0.004"/>
  <testcase name="testIsValidDateMonthTooHigh" classname="com.example.softlearning.applicationcore.entity.sharedkernel.domainservices.validations.CheckTest" time="0.007"/>
  <testcase name="testCheckMobilePhoneWithLetters" classname="com.example.softlearning.applicationcore.entity.sharedkernel.domainservices.validations.CheckTest" time="0.003"/>
  <testcase name="testRangeIntZero" classname="com.example.softlearning.applicationcore.entity.sharedkernel.domainservices.validations.CheckTest" time="0.002"/>
  <testcase name="testGetErrorMessageInvalidISBN" classname="com.example.softlearning.applicationcore.entity.sharedkernel.domainservices.validations.CheckTest" time="0.001"/>
  <testcase name="testGetErrorMessageDiscountTooHigh" classname="com.example.softlearning.applicationcore.entity.sharedkernel.domainservices.validations.CheckTest" time="0.001"/>
  <testcase name="testIsValidDateCompleteLeapYearValid" classname="com.example.softlearning.applicationcore.entity.sharedkernel.domainservices.validations.CheckTest" time="0.006"/>
  <testcase name="testCheckEmailInvalidDomain" classname="com.example.softlearning.applicationcore.entity.sharedkernel.domainservices.validations.CheckTest" time="0.002"/>
  <testcase name="testGetErrorMessageNoDetail" classname="com.example.softlearning.applicationcore.entity.sharedkernel.domainservices.validations.CheckTest" time="0.001"/>
  <testcase name="testCheckEmailNull" classname="com.example.softlearning.applicationcore.entity.sharedkernel.domainservices.validations.CheckTest" time="0.001"/>
  <testcase name="testIsValidDateCompleteIncorrectFormat" classname="com.example.softlearning.applicationcore.entity.sharedkernel.domainservices.validations.CheckTest" time="0.002"/>
  <testcase name="testCheckLengthMoreThanMax" classname="com.example.softlearning.applicationcore.entity.sharedkernel.domainservices.validations.CheckTest" time="0.001"/>
  <testcase name="testCheckMobilePhoneNull" classname="com.example.softlearning.applicationcore.entity.sharedkernel.domainservices.validations.CheckTest" time="0.002"/>
  <testcase name="testCheckISBNWithSpaces" classname="com.example.softlearning.applicationcore.entity.sharedkernel.domainservices.validations.CheckTest" time="0.003"/>
  <testcase name="testGetErrorMessageNullValue" classname="com.example.softlearning.applicationcore.entity.sharedkernel.domainservices.validations.CheckTest" time="0.001"/>
  <testcase name="testIsValidDateNull" classname="com.example.softlearning.applicationcore.entity.sharedkernel.domainservices.validations.CheckTest" time="0.001"/>
  <testcase name="testGetErrorMessageIncorrectDateFormat" classname="com.example.softlearning.applicationcore.entity.sharedkernel.domainservices.validations.CheckTest" time="0.001"/>
  <testcase name="testIsValidDateLeapYearValid" classname="com.example.softlearning.applicationcore.entity.sharedkernel.domainservices.validations.CheckTest" time="0.002"/>
  <testcase name="testRangeDiscountValidLowerBound" classname="com.example.softlearning.applicationcore.entity.sharedkernel.domainservices.validations.CheckTest" time="0.001"/>
  <testcase name="testIsValidDateCompleteCorrectFormatInvalidDate" classname="com.example.softlearning.applicationcore.entity.sharedkernel.domainservices.validations.CheckTest" time="0.002"/>
  <testcase name="testCheckEmail" classname="com.example.softlearning.applicationcore.entity.sharedkernel.domainservices.validations.CheckTest" time="0.007"/>
  <testcase name="testCheckISBNTooLong" classname="com.example.softlearning.applicationcore.entity.sharedkernel.domainservices.validations.CheckTest" time="0.002"/>
  <testcase name="testIsValidDateCompleteCorrectFormatValidDate" classname="com.example.softlearning.applicationcore.entity.sharedkernel.domainservices.validations.CheckTest" time="0.002"/>
  <testcase name="testCheckMobilePhoneNotStartsWith6Or7" classname="com.example.softlearning.applicationcore.entity.sharedkernel.domainservices.validations.CheckTest" time="0.001"/>
  <testcase name="testGetErrorMessageInvalidSoftwareFormat" classname="com.example.softlearning.applicationcore.entity.sharedkernel.domainservices.validations.CheckTest" time="0.001"/>
  <testcase name="testRangeDiscountAboveRange" classname="com.example.softlearning.applicationcore.entity.sharedkernel.domainservices.validations.CheckTest" time="0.001"/>
  <testcase name="testCheckEmailWithSpace" classname="com.example.softlearning.applicationcore.entity.sharedkernel.domainservices.validations.CheckTest" time="0.001"/>
  <testcase name="testIsValidDateCompleteDayTooHigh" classname="com.example.softlearning.applicationcore.entity.sharedkernel.domainservices.validations.CheckTest" time="0.002"/>
  <testcase name="testRangeNegativeNumber" classname="com.example.softlearning.applicationcore.entity.sharedkernel.domainservices.validations.CheckTest" time="0.001"/>
  <testcase name="testCheckLengthLessThanMin" classname="com.example.softlearning.applicationcore.entity.sharedkernel.domainservices.validations.CheckTest" time="0.001"/>
  <testcase name="testIsEmptyNull" classname="com.example.softlearning.applicationcore.entity.sharedkernel.domainservices.validations.CheckTest" time="0.002"/>
  <testcase name="testCheckLengthSpaceString" classname="com.example.softlearning.applicationcore.entity.sharedkernel.domainservices.validations.CheckTest" time="0.001"/>
  <testcase name="testCheckISBNEmpty" classname="com.example.softlearning.applicationcore.entity.sharedkernel.domainservices.validations.CheckTest" time="0.001"/>
  <testcase name="testCheckISBNValid" classname="com.example.softlearning.applicationcore.entity.sharedkernel.domainservices.validations.CheckTest" time="0.001"/>
  <testcase name="testGetErrorMessageCorrectFormatButInvalidDate" classname="com.example.softlearning.applicationcore.entity.sharedkernel.domainservices.validations.CheckTest" time="0.001"/>
  <testcase name="testCheckLengthValid" classname="com.example.softlearning.applicationcore.entity.sharedkernel.domainservices.validations.CheckTest" time="0.0"/>
  <testcase name="testGetErrorMessageTooManyCharacters" classname="com.example.softlearning.applicationcore.entity.sharedkernel.domainservices.validations.CheckTest" time="0.0"/>
  <testcase name="testIsValidDateWithLetters" classname="com.example.softlearning.applicationcore.entity.sharedkernel.domainservices.validations.CheckTest" time="0.001"/>
  <testcase name="testRangePositiveNumber" classname="com.example.softlearning.applicationcore.entity.sharedkernel.domainservices.validations.CheckTest" time="0.001"/>
  <testcase name="testRangeDiscountBelowRange" classname="com.example.softlearning.applicationcore.entity.sharedkernel.domainservices.validations.CheckTest" time="0.001"/>
  <testcase name="testGetErrorMessageInvalidEmailFormat" classname="com.example.softlearning.applicationcore.entity.sharedkernel.domainservices.validations.CheckTest" time="0.001"/>
  <testcase name="testIsValidDateCompleteMonthZero" classname="com.example.softlearning.applicationcore.entity.sharedkernel.domainservices.validations.CheckTest" time="0.001"/>
  <testcase name="testIsValidDateEmptyString" classname="com.example.softlearning.applicationcore.entity.sharedkernel.domainservices.validations.CheckTest" time="0.001"/>
  <testcase name="testGetErrorMessageUnknownErrorCode" classname="com.example.softlearning.applicationcore.entity.sharedkernel.domainservices.validations.CheckTest" time="0.001"/>
  <testcase name="testCheckDNIWhitSpace" classname="com.example.softlearning.applicationcore.entity.sharedkernel.domainservices.validations.CheckTest" time="0.0"/>
  <testcase name="testIsValidDateCompleteDayZero" classname="com.example.softlearning.applicationcore.entity.sharedkernel.domainservices.validations.CheckTest" time="0.001"/>
  <testcase name="testIsValidDateIncorrectFormat" classname="com.example.softlearning.applicationcore.entity.sharedkernel.domainservices.validations.CheckTest" time="0.0"/>
  <testcase name="testCheckDNILowerCaseLetter" classname="com.example.softlearning.applicationcore.entity.sharedkernel.domainservices.validations.CheckTest" time="0.001"/>
  <testcase name="testRangeZero" classname="com.example.softlearning.applicationcore.entity.sharedkernel.domainservices.validations.CheckTest" time="0.001"/>
  <testcase name="testIsValidDateWithAnotherCharacters" classname="com.example.softlearning.applicationcore.entity.sharedkernel.domainservices.validations.CheckTest" time="0.0"/>
  <testcase name="testCheckMobilePhoneEmpty" classname="com.example.softlearning.applicationcore.entity.sharedkernel.domainservices.validations.CheckTest" time="0.001"/>
  <testcase name="testCheckDNILongString" classname="com.example.softlearning.applicationcore.entity.sharedkernel.domainservices.validations.CheckTest" time="0.001"/>
  <testcase name="testCheckMobilePhoneShort" classname="com.example.softlearning.applicationcore.entity.sharedkernel.domainservices.validations.CheckTest" time="0.001"/>
  <testcase name="testCheckMobilePhoneValid" classname="com.example.softlearning.applicationcore.entity.sharedkernel.domainservices.validations.CheckTest" time="0.001"/>
  <testcase name="testRangeDiscountValidUpperBound" classname="com.example.softlearning.applicationcore.entity.sharedkernel.domainservices.validations.CheckTest" time="0.001"/>
  <testcase name="testCheckEmailWithDots" classname="com.example.softlearning.applicationcore.entity.sharedkernel.domainservices.validations.CheckTest" time="0.001"/>
  <testcase name="testRangeDiscountWithinRange" classname="com.example.softlearning.applicationcore.entity.sharedkernel.domainservices.validations.CheckTest" time="0.0"/>
  <testcase name="testIsValidDateCompleteWithExtraCharacters" classname="com.example.softlearning.applicationcore.entity.sharedkernel.domainservices.validations.CheckTest" time="0.001"/>
  <testcase name="testCheckISBNWithLetters" classname="com.example.softlearning.applicationcore.entity.sharedkernel.domainservices.validations.CheckTest" time="0.001"/>
  <testcase name="testIsTrueTrue" classname="com.example.softlearning.applicationcore.entity.sharedkernel.domainservices.validations.CheckTest" time="0.001"/>
  <testcase name="testGetErrorMessageInvalidDNI" classname="com.example.softlearning.applicationcore.entity.sharedkernel.domainservices.validations.CheckTest" time="0.001"/>
  <testcase name="testIsValidDateCompleteMonthTooHigh" classname="com.example.softlearning.applicationcore.entity.sharedkernel.domainservices.validations.CheckTest" time="0.001"/>
  <testcase name="testIsValidDateCompleteNull" classname="com.example.softlearning.applicationcore.entity.sharedkernel.domainservices.validations.CheckTest" time="0.002"/>
  <testcase name="testGetErrorMessageTooShortField" classname="com.example.softlearning.applicationcore.entity.sharedkernel.domainservices.validations.CheckTest" time="0.001"/>
  <testcase name="testIsValidDateCompleteLeapYearInvalid" classname="com.example.softlearning.applicationcore.entity.sharedkernel.domainservices.validations.CheckTest" time="0.001"/>
  <testcase name="testIsEmptyNotEmpty" classname="com.example.softlearning.applicationcore.entity.sharedkernel.domainservices.validations.CheckTest" time="0.0"/>
  <testcase name="testCheckEmailMultipleAtSymbols" classname="com.example.softlearning.applicationcore.entity.sharedkernel.domainservices.validations.CheckTest" time="0.001"/>
  <testcase name="testIsValidDateMonthZero" classname="com.example.softlearning.applicationcore.entity.sharedkernel.domainservices.validations.CheckTest" time="0.002"/>
  <testcase name="testCheckMobilePhoneTooLong" classname="com.example.softlearning.applicationcore.entity.sharedkernel.domainservices.validations.CheckTest" time="0.001"/>
  <testcase name="testCheckEmailNoAtSymbol" classname="com.example.softlearning.applicationcore.entity.sharedkernel.domainservices.validations.CheckTest" time="0.001"/>
  <testcase name="testCheckISBNTooShort" classname="com.example.softlearning.applicationcore.entity.sharedkernel.domainservices.validations.CheckTest" time="0.001"/>
  <testcase name="testCheckEmailWithSubdomain" classname="com.example.softlearning.applicationcore.entity.sharedkernel.domainservices.validations.CheckTest" time="0.001"/>
  <testcase name="testCheckLengthNullString" classname="com.example.softlearning.applicationcore.entity.sharedkernel.domainservices.validations.CheckTest" time="0.001"/>
  <testcase name="testCheckDNIEmpty" classname="com.example.softlearning.applicationcore.entity.sharedkernel.domainservices.validations.CheckTest" time="0.002"/>
  <testcase name="testIsNullNull" classname="com.example.softlearning.applicationcore.entity.sharedkernel.domainservices.validations.CheckTest" time="0.001"/>
  <testcase name="testCheckDNIValid" classname="com.example.softlearning.applicationcore.entity.sharedkernel.domainservices.validations.CheckTest" time="0.0"/>
  <testcase name="testGetErrorMessageNoError" classname="com.example.softlearning.applicationcore.entity.sharedkernel.domainservices.validations.CheckTest" time="0.0"/>
  <testcase name="testCheckISBNNull" classname="com.example.softlearning.applicationcore.entity.sharedkernel.domainservices.validations.CheckTest" time="0.0"/>
  <testcase name="testIsValidDateCorrectFormatInvalidDate" classname="com.example.softlearning.applicationcore.entity.sharedkernel.domainservices.validations.CheckTest" time="0.001"/>
  <testcase name="testGetErrorMessageEmptyValue" classname="com.example.softlearning.applicationcore.entity.sharedkernel.domainservices.validations.CheckTest" time="0.001"/>
  <testcase name="testIsValidDateCompleteInvalidMinutes" classname="com.example.softlearning.applicationcore.entity.sharedkernel.domainservices.validations.CheckTest" time="0.001"/>
  <testcase name="testGetErrorMessageInvalidReferenceHigh" classname="com.example.softlearning.applicationcore.entity.sharedkernel.domainservices.validations.CheckTest" time="0.001"/>
  <testcase name="testGetErrorMessageInvalidPhoneNumber" classname="com.example.softlearning.applicationcore.entity.sharedkernel.domainservices.validations.CheckTest" time="0.0"/>
  <testcase name="testGetErrorMessageInvalidPackageFragility" classname="com.example.softlearning.applicationcore.entity.sharedkernel.domainservices.validations.CheckTest" time="0.0"/>
  <testcase name="testIsValidDateCorrectFormatValidDate" classname="com.example.softlearning.applicationcore.entity.sharedkernel.domainservices.validations.CheckTest" time="0.0"/>
  <testcase name="testCheckISBNValidWithoutHyphens" classname="com.example.softlearning.applicationcore.entity.sharedkernel.domainservices.validations.CheckTest" time="0.001"/>
  <testcase name="testCheckEmailNoDomain" classname="com.example.softlearning.applicationcore.entity.sharedkernel.domainservices.validations.CheckTest" time="0.001"/>
  <testcase name="testGetErrorMessageInvalidReferenceLow" classname="com.example.softlearning.applicationcore.entity.sharedkernel.domainservices.validations.CheckTest" time="0.001"/>
  <testcase name="testIsNull" classname="com.example.softlearning.applicationcore.entity.sharedkernel.domainservices.validations.CheckTest" time="0.001"/>
  <testcase name="testGetErrorMessageFewCharacters" classname="com.example.softlearning.applicationcore.entity.sharedkernel.domainservices.validations.CheckTest" time="0.001"/>
  <testcase name="testIsNullEmpty" classname="com.example.softlearning.applicationcore.entity.sharedkernel.domainservices.validations.CheckTest" time="0.0"/>
  <testcase name="testIsNullSpace" classname="com.example.softlearning.applicationcore.entity.sharedkernel.domainservices.validations.CheckTest" time="0.0"/>
  <testcase name="testIsValidDateDayTooHigh" classname="com.example.softlearning.applicationcore.entity.sharedkernel.domainservices.validations.CheckTest" time="0.001"/>
  <testcase name="testIsValidDateCompleteInvalidTimeFormat" classname="com.example.softlearning.applicationcore.entity.sharedkernel.domainservices.validations.CheckTest" time="0.001"/>
  <testcase name="testGetErrorMessageUnsetOrderId" classname="com.example.softlearning.applicationcore.entity.sharedkernel.domainservices.validations.CheckTest" time="0.001"/>
  <testcase name="testCheckDNIMissingNumber" classname="com.example.softlearning.applicationcore.entity.sharedkernel.domainservices.validations.CheckTest" time="0.001"/>
  <testcase name="testIsValidDateCompleteWithLetters" classname="com.example.softlearning.applicationcore.entity.sharedkernel.domainservices.validations.CheckTest" time="0.0"/>
  <testcase name="testCheckDNIMixedCharacters" classname="com.example.softlearning.applicationcore.entity.sharedkernel.domainservices.validations.CheckTest" time="0.001"/>
  <testcase name="testRangeIntNegativeNumber" classname="com.example.softlearning.applicationcore.entity.sharedkernel.domainservices.validations.CheckTest" time="0.0"/>
  <testcase name="testIsEmpty" classname="com.example.softlearning.applicationcore.entity.sharedkernel.domainservices.validations.CheckTest" time="0.0"/>
  <testcase name="testIsValidDateDayZero" classname="com.example.softlearning.applicationcore.entity.sharedkernel.domainservices.validations.CheckTest" time="0.0"/>
  <testcase name="testCheckEmailSpecialCharacters" classname="com.example.softlearning.applicationcore.entity.sharedkernel.domainservices.validations.CheckTest" time="0.001"/>
  <testcase name="testGetErrorMessageNegativeNumber" classname="com.example.softlearning.applicationcore.entity.sharedkernel.domainservices.validations.CheckTest" time="0.001"/>
  <testcase name="testCheckDNINull" classname="com.example.softlearning.applicationcore.entity.sharedkernel.domainservices.validations.CheckTest" time="0.0"/>
  <testcase name="testIsTrueFalse" classname="com.example.softlearning.applicationcore.entity.sharedkernel.domainservices.validations.CheckTest" time="0.001"/>
  <testcase name="testCheckDNINoLetter" classname="com.example.softlearning.applicationcore.entity.sharedkernel.domainservices.validations.CheckTest" time="0.0"/>
  <testcase name="testGetErrorMessageCorrectPayment" classname="com.example.softlearning.applicationcore.entity.sharedkernel.domainservices.validations.CheckTest" time="0.0"/>
  <testcase name="testIsValidDateLeapYearInvalid" classname="com.example.softlearning.applicationcore.entity.sharedkernel.domainservices.validations.CheckTest" time="0.001"/>
  <testcase name="testIsValidDateCompleteEmptyString" classname="com.example.softlearning.applicationcore.entity.sharedkernel.domainservices.validations.CheckTest" time="0.001"/>
  <testcase name="testGetErrorMessageNumberTooLarge" classname="com.example.softlearning.applicationcore.entity.sharedkernel.domainservices.validations.CheckTest" time="0.001"/>
  <testcase name="testGetErrorMessageNumberTooSmall" classname="com.example.softlearning.applicationcore.entity.sharedkernel.domainservices.validations.CheckTest" time="0.0"/>
  <testcase name="testIsValidDateCompleteInvalidSeconds" classname="com.example.softlearning.applicationcore.entity.sharedkernel.domainservices.validations.CheckTest" time="0.001"/>
  <testcase name="testRangeIntPositiveNumber" classname="com.example.softlearning.applicationcore.entity.sharedkernel.domainservices.validations.CheckTest" time="0.0"/>
  <testcase name="testCheckMobilePhoneWithSpace" classname="com.example.softlearning.applicationcore.entity.sharedkernel.domainservices.validations.CheckTest" time="0.002"/>
  <testcase name="testIsEmptySpace" classname="com.example.softlearning.applicationcore.entity.sharedkernel.domainservices.validations.CheckTest" time="0.0"/>
</testsuite>